1. "Let's create a new project under the directory Code. Let's call it 'TaskManager'. I want you to help me design and develop a web app for managing tasks. This will include create, edit, delete, marking incomplete tasks as complete, and marking completed tasks as incomplete. Before we write any code, let's ensure we're on the same page for the requirements. Clarify the objectives and ask any questions now so we can resolve any confusion and ambiguity."

2. "LGTM" (With feedback on the implementation plan):
   - "Vite + React is ok with me."
   - "Yes we will need a backend. Option B"
   - "Sure, attributes are good but don't crowd the interface."
   - "Let's go with a maximally readable interface. I don't want a style choice to impede the user's productivity."

3. "Proceed"

4. "Great start. Let's remove the options from the "Create" step and instead only provide options when the user "Edits" an existing task. Can we add edit functionality?"

5. "I'm noticing that the task name becomes part of my browser autocomplete options. I don't want it to do that. Can we prevent that from happening?"

6. "Looks great. Before we consider adding any new features, let's ensure that the existing code is correctly structured, secure, and modern. Can you do a code review to clean up anything that's able to be improved, ensyre we're using up-to-date dependencies, etc?"

7. (Approved the codebase cleanup plan)

8. "Do we have any automated tests? If not let's add some."

9. (Approved the automated testing plan)

10. "Do we have enough test coverage?"

11. "Sure, increase the test coverage to an adequate level"

12. "How are we with our readme.md files? Are they sufficient for other people to understand the codebase, how to run it, how to test it, etc?"

13. "What else should we consider before I upload this to my github?"

14. "Why am I getting this git push error?
> git push -u origin main
remote: Invalid username or token. Password authentication is not supported for Git operations.
fatal: Authentication failed for 'https://github.com/d0s4gw/TaskManager.git/'"

15. "Can you create a file /Users/michaelwelsh/Code/TaskManager/prompts.log with the series of prompts that I used?"
