# Terraform Decision Log - TaskManager Infrastructure

## 2026-04-23 - Initialization & Staging Provisioning

### 1. Bootstrapping Strategy
- **Decision**: Performed manual bootstrap via `gcloud` for the GCS state bucket and the initial `github-deployer` Service Account.
- **Rationale**: Terraform requires a backend bucket before `init`. 
- **Action**: Used a temporary Service Account key for the initial `terraform init` and `apply`.

### 2. Multi-Environment Isolation
- **Decision**: Implemented **Terraform Workspaces** (`staging`, `prod`) instead of separate directory structures.
- **Rationale**: Provides a DRY approach where the same core logic (`main.tf`) is applied to different environments.

### 3. Workload Identity Federation (WIF) Refinement
- **Decision**: Updated WIF `principalSet` member string to use the **GCP Project Number**.
- **Rationale**: Initial attempts using Project ID resulted in "Identity Pool does not exist" errors.

## 2026-04-23 - Post-Flight Audit & Hardening

### 4. Least Privilege
- **Decision**: Created dedicated `task-manager-server` SA with `datastore.user`, `cloudtrace.agent`, and `secretmanager.secretAccessor`.
- **Action**: Granted only required roles to the runtime and deployment identities.

### 5. Cloud Run Visibility
- **Decision**: Granted `roles/run.invoker` to `allUsers` for the server.
- **Rationale**: Required for Firebase Hosting rewrites to successfully proxy requests to the private Cloud Run endpoint without complex IAM propagation.

### 6. Firestore Indexing
- **Decision**: Explicitly defined composite indexes for common queries.
- **Action**: Added index for `tasks` collection: `userId` (ASC) + `createdAt` (DESC).

### 7. Deployment Reliability
- **Decision**: Standardized on Node.js 24 and `npm ci` for the CI/CD runners.
- **Rationale**: Prevents transient cache errors and ensures consistency between local and cloud environments.

## 2026-04-23 - Staging Hardening

### 8. Environment Portability
- **Decision**: Parameterize all hardcoded project references in `main.tf`.
- **Rationale**: The `github-deployer` SA email, WIF pool, WIF provider, and WIF user binding were all hardcoded to the staging project ID, meaning any other workspace would produce broken IAM.
- **Action**: Replaced all hardcoded `task-manager-staging-494203` references with `var.project_id` interpolations. Removed `count = staging ? 1 : 0` guards on WIF resources.

### 9. State Migration (Moved Blocks)
- **Decision**: Added `moved` blocks for WIF pool, WIF provider, and WIF user binding.
- **Rationale**: Removing `count` changes the Terraform state address from `resource[0]` to `resource`. Without `moved` blocks, Terraform would destroy and recreate the resources — and GCP blocks WIF pool ID reuse for 30 days after deletion.
- **Action**: Added 3 `moved` blocks in `main.tf`.

### 10. CI Terraform Validation
- **Decision**: Added `terraform fmt -check` and `terraform validate` as a CI gate job.
- **Rationale**: Catches formatting drift, syntax errors, and broken references before they reach the deploy step.
- **Action**: Added `validate-terraform` job in `deploy.yml`; deploy depends on it via `needs:`.

## 11. Repository Hardening (2026-04-25)

### 11a. Shared Validation & Automated Guardrails
- **Decision**: Moved Zod schemas to `shared/validation.ts`. Added ESLint to server. Enforced Lint/Audit in CI/CD. Added Husky/lint-staged local guardrails.
- **Rationale**: Prevents architectural drift and catches errors early in the development lifecycle. Ensures junior devs and agents cannot push sub-standard or broken code.
2026-04-25: FIXED CI/CD ERROR. Converted Regional LB to Global External Application Load Balancer. Regional backend services do not support security_policy in the GA provider; Global backend services are preferred for Cloud Run + Cloud Armor integration.
