# Decisions Log - TaskManager Web

## 1. Framework Selection: Next.js (App Router)
- **Decision**: Use Next.js with the App Router architecture.
- **Rationale**: Provides a robust foundation for server-side rendering, optimized routing, and seamless integration with the React ecosystem.
- **Implementation**: Scaffolded via `create-next-app` with TypeScript and Tailwind CSS.

## 2. Security: Firebase App Check
- **Decision**: Integrate Firebase App Check with ReCaptcha v3.
- **Rationale**: Protects the backend from unauthorized traffic by ensuring that requests originate from our legitimate web application.
- **Implementation**: Configured in `src/lib/firebase.ts` with a provider initialization block that runs only on the client.

## 3. API Connectivity: Firebase Hosting Rewrites
- **Decision**: Use `firebase.json` rewrites to proxy `/api/**` to Google Cloud Run.
- **Rationale**: Eliminates Cross-Origin Resource Sharing (CORS) complexities and allows the frontend and backend to share the same domain.
- **Implementation**: Added a `rewrites` array in `firebase.json` targeting the `task-manager-server` service.

## 4. Design Language: Dark Mode Minimalism
- **Decision**: Implement a high-contrast, minimalist dark theme with indigo accents.
- **Rationale**: Prioritizes readability and professional aesthetics, aligning with the "Lead Frontend Engineer" persona requirements.
- **Implementation**: Utilized Tailwind CSS utility classes and a custom navigation layout in `src/app/page.tsx`.

## 5. Post-Flight Audit & Hardening (2026-04-23)
- **Decision**: "Build-Aware" Firebase initialization.
- **Rationale**: Prevented build-time crashes when environment variables are missing during static site generation.
- **Implementation**: Wrapped initialization in error handling and restricted App Check to client-side only in `src/lib/firebase.ts`.
- **Decision**: Structured JSON Logging.
- **Rationale**: Matches the Logic Tier's logging standard for consistent log aggregation in Google Cloud Logging.
- **Implementation**: Created `src/lib/logger.ts` and integrated it into the `AuthContext` and page lifecycle.
- **Decision**: Vitest Adoption.
- **Rationale**: Faster and more modern test runner that integrates perfectly with Next.js and Tailwind.
- **Implementation**: Added `vitest` and `jsdom` configuration.

## 6. Staging Hardening (2026-04-23)
- **Decision**: Complete structured logging migration.
- **Rationale**: `console.error` calls in `AuthContext.tsx`, `TaskForm.tsx`, and `firebase.ts` bypassed the structured logger, producing unfiltered plaintext in Cloud Logging.
- **Implementation**: Migrated all `console.error` calls to `logger.error` from `src/lib/logger.ts`. Only one intentional `console.warn` remains in `firebase.ts` for the build-time SSG guard.

